<?xml version="1.0" encoding="UTF-8"?>
<testng-results ignored="0" total="1" passed="1" failed="0" skipped="0">
  <reporter-output>
  </reporter-output>
  <suite started-at="2023-05-22T18:00:59 EET" name="Default suite" finished-at="2023-05-22T18:01:11 EET" duration-ms="12591">
    <groups>
    </groups>
    <test started-at="2023-05-22T18:00:59 EET" name="Default test" finished-at="2023-05-22T18:01:11 EET" duration-ms="12591">
      <class name="FiFthTestCase">
        <test-method is-config="true" signature="BeforeTheTest()[pri:0, instance:FiFthTestCase@45673f68]" started-at="2023-05-22T18:00:59 EET" name="BeforeTheTest" finished-at="2023-05-22T18:01:00 EET" duration-ms="839" status="PASS">
          <reporter-output>
          </reporter-output>
        </test-method> <!-- BeforeTheTest -->
        <test-method signature="CompletePayment()[pri:0, instance:FiFthTestCase@45673f68]" started-at="2023-05-22T18:01:00 EET" name="CompletePayment" finished-at="2023-05-22T18:01:11 EET" duration-ms="11699" status="PASS">
          <reporter-output>
          </reporter-output>
        </test-method> <!-- CompletePayment -->
        <test-method is-config="true" signature="AfterTheTest()[pri:0, instance:FiFthTestCase@45673f68]" started-at="2023-05-22T18:01:11 EET" name="AfterTheTest" finished-at="2023-05-22T18:01:11 EET" duration-ms="1" status="PASS">
          <reporter-output>
          </reporter-output>
        </test-method> <!-- AfterTheTest -->
      </class> <!-- FiFthTestCase -->
    </test> <!-- Default test -->
  </suite> <!-- Default suite -->
</testng-results>
